app/build/intermediates/manifest_merge_blame_file/debug/manifest-merger-blame-debug-report.txt
1<?xml version="1.0" encoding="utf-8"?>
2<manifest xmlns:android="http://schemas.android.com/apk/res/android"
3    package="com.jerrymannel.smsgateway"
4    android:versionCode="3"
5    android:versionName="1.0" >
6
7    <uses-sdk
7-->src\main\AndroidManifest.xml:7:5-9:41
8        android:minSdkVersion="14"
8-->src\main\AndroidManifest.xml:8:9-35
9        android:targetSdkVersion="17" />
9-->src\main\AndroidManifest.xml:9:9-38
10
11    <uses-permission android:name="android.permission.INTERNET" />
11-->src\main\AndroidManifest.xml:10:5-66
11-->src\main\AndroidManifest.xml:10:22-64
12    <uses-permission android:name="android.permission.SEND_SMS" />
12-->src\main\AndroidManifest.xml:11:5-66
12-->src\main\AndroidManifest.xml:11:22-64
13    <uses-permission android:name="android.permission.RECEIVE_SMS" />
13-->src\main\AndroidManifest.xml:12:5-69
13-->src\main\AndroidManifest.xml:12:22-67
14    <uses-permission android:name="android.permission.ACCESS_NETWORK_STATE" />
14-->src\main\AndroidManifest.xml:13:5-78
14-->src\main\AndroidManifest.xml:13:22-76
15    <uses-permission android:name="com.android.vending.CHECK_LICENSE" />
15-->src\main\AndroidManifest.xml:14:5-72
15-->src\main\AndroidManifest.xml:14:22-70
16    <uses-permission android:name="android.permission.READ_PHONE_STATE" />
16-->src\main\AndroidManifest.xml:15:5-75
16-->src\main\AndroidManifest.xml:15:22-72
17
18    <application
18-->src\main\AndroidManifest.xml:17:5-33:19
19        android:allowBackup="true"
19-->src\main\AndroidManifest.xml:18:9-35
20        android:debuggable="true"
21        android:icon="@drawable/ic_launcher"
21-->src\main\AndroidManifest.xml:19:9-45
22        android:label="@string/app_name"
22-->src\main\AndroidManifest.xml:20:9-41
23        android:theme="@style/AppTheme" >
23-->src\main\AndroidManifest.xml:21:9-40
24        <activity
24-->src\main\AndroidManifest.xml:22:9-30:20
25            android:name="com.jerrymannel.smsgateway.MySMSGatewayMainActivity"
25-->src\main\AndroidManifest.xml:23:13-79
26            android:label="@string/app_name" >
26-->src\main\AndroidManifest.xml:24:13-45
27            <intent-filter>
27-->src\main\AndroidManifest.xml:25:13-29:29
28                <action android:name="android.intent.action.MAIN" />
28-->src\main\AndroidManifest.xml:26:17-69
28-->src\main\AndroidManifest.xml:26:25-66
29
30                <category android:name="android.intent.category.LAUNCHER" />
30-->src\main\AndroidManifest.xml:28:17-77
30-->src\main\AndroidManifest.xml:28:27-74
31            </intent-filter>
32        </activity>
33        <activity android:name="com.jerrymannel.smsgateway.SettingsView" />
33-->src\main\AndroidManifest.xml:31:9-58
33-->src\main\AndroidManifest.xml:31:19-46
34        <activity android:name="com.jerrymannel.smsgateway.AboutView" />
34-->src\main\AndroidManifest.xml:32:9-55
34-->src\main\AndroidManifest.xml:32:19-43
35    </application>
36
37</manifest>